{
  "numTotalTestSuites": 11,
  "numPassedTestSuites": 5,
  "numFailedTestSuites": 6,
  "numPendingTestSuites": 0,
  "numTotalTests": 48,
  "numPassedTests": 25,
  "numFailedTests": 23,
  "numPendingTests": 0,
  "numTodoTests": 0,
  "snapshot": {
    "added": 0,
    "failure": false,
    "filesAdded": 0,
    "filesRemoved": 0,
    "filesRemovedList": [],
    "filesUnmatched": 0,
    "filesUpdated": 0,
    "matched": 0,
    "total": 0,
    "unchecked": 0,
    "uncheckedKeysByFile": [],
    "unmatched": 0,
    "updated": 0,
    "didUpdate": false
  },
  "startTime": 1773513756812,
  "success": false,
  "testResults": [
    {
      "assertionResults": [
        {
          "ancestorTitles": [
            "Submissions API ΓÇö /api/submissions",
            "POST /:projectId/chapters ΓÇö Upload chapter"
          ],
          "fullName": "Submissions API ΓÇö /api/submissions POST /:projectId/chapters ΓÇö Upload chapter should allow a student to upload a chapter PDF",
          "status": "passed",
          "title": "should allow a student to upload a chapter PDF",
          "duration": 2672.4679000000006,
          "failureMessages": [],
          "meta": {},
          "tags": []
        },
        {
          "ancestorTitles": [
            "Submissions API ΓÇö /api/submissions",
            "POST /:projectId/chapters ΓÇö Upload chapter"
          ],
          "fullName": "Submissions API ΓÇö /api/submissions POST /:projectId/chapters ΓÇö Upload chapter should auto-increment version on re-upload",
          "status": "passed",
          "title": "should auto-increment version on re-upload",
          "duration": 2711.9776999999995,
          "failureMessages": [],
          "meta": {},
          "tags": []
        },
        {
          "ancestorTitles": [
            "Submissions API ΓÇö /api/submissions",
            "POST /:projectId/chapters ΓÇö Upload chapter"
          ],
          "fullName": "Submissions API ΓÇö /api/submissions POST /:projectId/chapters ΓÇö Upload chapter should reject upload from non-student role",
          "status": "passed",
          "title": "should reject upload from non-student role",
          "duration": 2400.620200000001,
          "failureMessages": [],
          "meta": {},
          "tags": []
        },
        {
          "ancestorTitles": [
            "Submissions API ΓÇö /api/submissions",
            "POST /:projectId/chapters ΓÇö Upload chapter"
          ],
          "fullName": "Submissions API ΓÇö /api/submissions POST /:projectId/chapters ΓÇö Upload chapter should reject upload when no file is attached",
          "status": "passed",
          "title": "should reject upload when no file is attached",
          "duration": 2302.8696,
          "failureMessages": [],
          "meta": {},
          "tags": []
        },
        {
          "ancestorTitles": [
            "Submissions API ΓÇö /api/submissions",
            "POST /:projectId/chapters ΓÇö Upload chapter"
          ],
          "fullName": "Submissions API ΓÇö /api/submissions POST /:projectId/chapters ΓÇö Upload chapter should reject upload with invalid chapter number",
          "status": "passed",
          "title": "should reject upload with invalid chapter number",
          "duration": 2661.631699999998,
          "failureMessages": [],
          "meta": {},
          "tags": []
        },
        {
          "ancestorTitles": [
            "Submissions API ΓÇö /api/submissions",
            "POST /:projectId/chapters ΓÇö Upload chapter"
          ],
          "fullName": "Submissions API ΓÇö /api/submissions POST /:projectId/chapters ΓÇö Upload chapter should reject upload to locked chapter",
          "status": "passed",
          "title": "should reject upload to locked chapter",
          "duration": 2670.269799999998,
          "failureMessages": [],
          "meta": {},
          "tags": []
        },
        {
          "ancestorTitles": [
            "Submissions API ΓÇö /api/submissions",
            "POST /:projectId/chapters ΓÇö Upload chapter"
          ],
          "fullName": "Submissions API ΓÇö /api/submissions POST /:projectId/chapters ΓÇö Upload chapter should require remarks for late submissions",
          "status": "passed",
          "title": "should require remarks for late submissions",
          "duration": 2420.377099999998,
          "failureMessages": [],
          "meta": {},
          "tags": []
        },
        {
          "ancestorTitles": [
            "Submissions API ΓÇö /api/submissions",
            "POST /:projectId/chapters ΓÇö Upload chapter"
          ],
          "fullName": "Submissions API ΓÇö /api/submissions POST /:projectId/chapters ΓÇö Upload chapter should accept late submission with remarks",
          "status": "passed",
          "title": "should accept late submission with remarks",
          "duration": 2309.602999999999,
          "failureMessages": [],
          "meta": {},
          "tags": []
        },
        {
          "ancestorTitles": [
            "Submissions API ΓÇö /api/submissions",
            "POST /:projectId/chapters ΓÇö Upload chapter"
          ],
          "fullName": "Submissions API ΓÇö /api/submissions POST /:projectId/chapters ΓÇö Upload chapter should reject upload when project title is not approved",
          "status": "passed",
          "title": "should reject upload when project title is not approved",
          "duration": 2298.195499999998,
          "failureMessages": [],
          "meta": {},
          "tags": []
        },
        {
          "ancestorTitles": ["Submissions API ΓÇö /api/submissions", "GET ΓÇö Read submissions"],
          "fullName": "Submissions API ΓÇö /api/submissions GET ΓÇö Read submissions should get a single submission by ID",
          "status": "passed",
          "title": "should get a single submission by ID",
          "duration": 2424.2660000000033,
          "failureMessages": [],
          "meta": {},
          "tags": []
        },
        {
          "ancestorTitles": ["Submissions API ΓÇö /api/submissions", "GET ΓÇö Read submissions"],
          "fullName": "Submissions API ΓÇö /api/submissions GET ΓÇö Read submissions should list submissions by project",
          "status": "passed",
          "title": "should list submissions by project",
          "duration": 2334.0843999999997,
          "failureMessages": [],
          "meta": {},
          "tags": []
        },
        {
          "ancestorTitles": ["Submissions API ΓÇö /api/submissions", "GET ΓÇö Read submissions"],
          "fullName": "Submissions API ΓÇö /api/submissions GET ΓÇö Read submissions should filter submissions by chapter",
          "status": "passed",
          "title": "should filter submissions by chapter",
          "duration": 2297.7643000000025,
          "failureMessages": [],
          "meta": {},
          "tags": []
        },
        {
          "ancestorTitles": ["Submissions API ΓÇö /api/submissions", "GET ΓÇö Read submissions"],
          "fullName": "Submissions API ΓÇö /api/submissions GET ΓÇö Read submissions should return chapter version history",
          "status": "passed",
          "title": "should return chapter version history",
          "duration": 2282.292999999998,
          "failureMessages": [],
          "meta": {},
          "tags": []
        },
        {
          "ancestorTitles": ["Submissions API ΓÇö /api/submissions", "GET ΓÇö Read submissions"],
          "fullName": "Submissions API ΓÇö /api/submissions GET ΓÇö Read submissions should return latest chapter submission",
          "status": "passed",
          "title": "should return latest chapter submission",
          "duration": 2293.5838000000003,
          "failureMessages": [],
          "meta": {},
          "tags": []
        },
        {
          "ancestorTitles": [
            "Submissions API ΓÇö /api/submissions",
            "GET /:submissionId/view ΓÇö View document"
          ],
          "fullName": "Submissions API ΓÇö /api/submissions GET /:submissionId/view ΓÇö View document should return a pre-signed URL",
          "status": "passed",
          "title": "should return a pre-signed URL",
          "duration": 2552.931499999999,
          "failureMessages": [],
          "meta": {},
          "tags": []
        },
        {
          "ancestorTitles": [
            "Submissions API ΓÇö /api/submissions",
            "POST /:submissionId/review ΓÇö Review submission"
          ],
          "fullName": "Submissions API ΓÇö /api/submissions POST /:submissionId/review ΓÇö Review submission should allow adviser to approve (auto-locks)",
          "status": "passed",
          "title": "should allow adviser to approve (auto-locks)",
          "duration": 2411.728900000002,
          "failureMessages": [],
          "meta": {},
          "tags": []
        },
        {
          "ancestorTitles": [
            "Submissions API ΓÇö /api/submissions",
            "POST /:submissionId/review ΓÇö Review submission"
          ],
          "fullName": "Submissions API ΓÇö /api/submissions POST /:submissionId/review ΓÇö Review submission should allow instructor to request revisions",
          "status": "passed",
          "title": "should allow instructor to request revisions",
          "duration": 2306.312299999998,
          "failureMessages": [],
          "meta": {},
          "tags": []
        },
        {
          "ancestorTitles": [
            "Submissions API ΓÇö /api/submissions",
            "POST /:submissionId/review ΓÇö Review submission"
          ],
          "fullName": "Submissions API ΓÇö /api/submissions POST /:submissionId/review ΓÇö Review submission should allow adviser to reject",
          "status": "passed",
          "title": "should allow adviser to reject",
          "duration": 2300.6134999999995,
          "failureMessages": [],
          "meta": {},
          "tags": []
        },
        {
          "ancestorTitles": [
            "Submissions API ΓÇö /api/submissions",
            "POST /:submissionId/review ΓÇö Review submission"
          ],
          "fullName": "Submissions API ΓÇö /api/submissions POST /:submissionId/review ΓÇö Review submission should reject review from student role",
          "status": "passed",
          "title": "should reject review from student role",
          "duration": 2475.142300000007,
          "failureMessages": [],
          "meta": {},
          "tags": []
        },
        {
          "ancestorTitles": [
            "Submissions API ΓÇö /api/submissions",
            "POST /:submissionId/review ΓÇö Review submission"
          ],
          "fullName": "Submissions API ΓÇö /api/submissions POST /:submissionId/review ΓÇö Review submission should reject review of locked submission",
          "status": "passed",
          "title": "should reject review of locked submission",
          "duration": 2293.4366999999984,
          "failureMessages": [],
          "meta": {},
          "tags": []
        },
        {
          "ancestorTitles": [
            "Submissions API ΓÇö /api/submissions",
            "POST /:submissionId/unlock ΓÇö Unlock locked submission"
          ],
          "fullName": "Submissions API ΓÇö /api/submissions POST /:submissionId/unlock ΓÇö Unlock locked submission should allow adviser to unlock a locked submission",
          "status": "passed",
          "title": "should allow adviser to unlock a locked submission",
          "duration": 2291.166400000002,
          "failureMessages": [],
          "meta": {},
          "tags": []
        },
        {
          "ancestorTitles": [
            "Submissions API ΓÇö /api/submissions",
            "POST /:submissionId/unlock ΓÇö Unlock locked submission"
          ],
          "fullName": "Submissions API ΓÇö /api/submissions POST /:submissionId/unlock ΓÇö Unlock locked submission should reject unlock from student role",
          "status": "passed",
          "title": "should reject unlock from student role",
          "duration": 2401.398199999996,
          "failureMessages": [],
          "meta": {},
          "tags": []
        },
        {
          "ancestorTitles": [
            "Submissions API ΓÇö /api/submissions",
            "POST /:submissionId/unlock ΓÇö Unlock locked submission"
          ],
          "fullName": "Submissions API ΓÇö /api/submissions POST /:submissionId/unlock ΓÇö Unlock locked submission should reject unlock of non-locked submission",
          "status": "passed",
          "title": "should reject unlock of non-locked submission",
          "duration": 2384.0579999999973,
          "failureMessages": [],
          "meta": {},
          "tags": []
        },
        {
          "ancestorTitles": [
            "Submissions API ΓÇö /api/submissions",
            "Annotations ΓÇö add and remove"
          ],
          "fullName": "Submissions API ΓÇö /api/submissions Annotations ΓÇö add and remove should allow adviser to add an annotation",
          "status": "passed",
          "title": "should allow adviser to add an annotation",
          "duration": 2310.298499999997,
          "failureMessages": [],
          "meta": {},
          "tags": []
        },
        {
          "ancestorTitles": [
            "Submissions API ΓÇö /api/submissions",
            "Annotations ΓÇö add and remove"
          ],
          "fullName": "Submissions API ΓÇö /api/submissions Annotations ΓÇö add and remove should allow instructor to add an annotation",
          "status": "passed",
          "title": "should allow instructor to add an annotation",
          "duration": 2307.9766999999993,
          "failureMessages": [],
          "meta": {},
          "tags": []
        },
        {
          "ancestorTitles": [
            "Submissions API ΓÇö /api/submissions",
            "Annotations ΓÇö add and remove"
          ],
          "fullName": "Submissions API ΓÇö /api/submissions Annotations ΓÇö add and remove should reject annotation from student role",
          "status": "failed",
          "title": "should reject annotation from student role",
          "duration": 76.19460000000254,
          "failureMessages": [
            "TypeError: Cannot read properties of null (reading '_id')\n    at C:/Users/patrick josh/Desktop/BukSU/Capstone/CMS V2/server/tests/integration/submissions.test.js:139:70\n    at processTicksAndRejections (node:internal/process/task_queues:105:5)"
          ],
          "meta": {},
          "tags": []
        },
        {
          "ancestorTitles": [
            "Submissions API ΓÇö /api/submissions",
            "Annotations ΓÇö add and remove"
          ],
          "fullName": "Submissions API ΓÇö /api/submissions Annotations ΓÇö add and remove should allow the annotation author to remove it",
          "status": "failed",
          "title": "should allow the annotation author to remove it",
          "duration": 59.3666000000012,
          "failureMessages": [
            "TypeError: Cannot read properties of null (reading '_id')\n    at C:/Users/patrick josh/Desktop/BukSU/Capstone/CMS V2/server/tests/integration/submissions.test.js:139:70\n    at processTicksAndRejections (node:internal/process/task_queues:105:5)"
          ],
          "meta": {},
          "tags": []
        },
        {
          "ancestorTitles": [
            "Submissions API ΓÇö /api/submissions",
            "Annotations ΓÇö add and remove"
          ],
          "fullName": "Submissions API ΓÇö /api/submissions Annotations ΓÇö add and remove should allow instructor to remove any annotation",
          "status": "failed",
          "title": "should allow instructor to remove any annotation",
          "duration": 59.40790000000561,
          "failureMessages": [
            "TypeError: Cannot read properties of null (reading '_id')\n    at C:/Users/patrick josh/Desktop/BukSU/Capstone/CMS V2/server/tests/integration/submissions.test.js:139:70\n    at processTicksAndRejections (node:internal/process/task_queues:105:5)"
          ],
          "meta": {},
          "tags": []
        },
        {
          "ancestorTitles": [
            "Submissions API ΓÇö /api/submissions",
            "RBAC ΓÇö Security boundary tests"
          ],
          "fullName": "Submissions API ΓÇö /api/submissions RBAC ΓÇö Security boundary tests should reject student attempting to review a submission",
          "status": "failed",
          "title": "should reject student attempting to review a submission",
          "duration": 55.24559999999474,
          "failureMessages": [
            "TypeError: Cannot read properties of null (reading '_id')\n    at C:/Users/patrick josh/Desktop/BukSU/Capstone/CMS V2/server/tests/integration/submissions.test.js:139:70\n    at processTicksAndRejections (node:internal/process/task_queues:105:5)"
          ],
          "meta": {},
          "tags": []
        },
        {
          "ancestorTitles": [
            "Submissions API ΓÇö /api/submissions",
            "RBAC ΓÇö Security boundary tests"
          ],
          "fullName": "Submissions API ΓÇö /api/submissions RBAC ΓÇö Security boundary tests should reject panelist attempting to unlock a submission",
          "status": "failed",
          "title": "should reject panelist attempting to unlock a submission",
          "duration": 55.81889999999839,
          "failureMessages": [
            "TypeError: Cannot read properties of null (reading '_id')\n    at C:/Users/patrick josh/Desktop/BukSU/Capstone/CMS V2/server/tests/integration/submissions.test.js:139:70\n    at processTicksAndRejections (node:internal/process/task_queues:105:5)"
          ],
          "meta": {},
          "tags": []
        },
        {
          "ancestorTitles": [
            "Submissions API ΓÇö /api/submissions",
            "RBAC ΓÇö Security boundary tests"
          ],
          "fullName": "Submissions API ΓÇö /api/submissions RBAC ΓÇö Security boundary tests should reject student attempting to annotate",
          "status": "failed",
          "title": "should reject student attempting to annotate",
          "duration": 57.19260000000213,
          "failureMessages": [
            "TypeError: Cannot read properties of null (reading '_id')\n    at C:/Users/patrick josh/Desktop/BukSU/Capstone/CMS V2/server/tests/integration/submissions.test.js:139:70\n    at processTicksAndRejections (node:internal/process/task_queues:105:5)"
          ],
          "meta": {},
          "tags": []
        },
        {
          "ancestorTitles": [
            "Submissions API ΓÇö /api/submissions",
            "POST /:projectId/proposal ΓÇö Compile proposal"
          ],
          "fullName": "Submissions API ΓÇö /api/submissions POST /:projectId/proposal ΓÇö Compile proposal should compile proposal when all chapters 1-3 are locked",
          "status": "failed",
          "title": "should compile proposal when all chapters 1-3 are locked",
          "duration": 55.594399999994494,
          "failureMessages": [
            "TypeError: Cannot read properties of null (reading '_id')\n    at C:/Users/patrick josh/Desktop/BukSU/Capstone/CMS V2/server/tests/integration/submissions.test.js:139:70\n    at processTicksAndRejections (node:internal/process/task_queues:105:5)"
          ],
          "meta": {},
          "tags": []
        },
        {
          "ancestorTitles": [
            "Submissions API ΓÇö /api/submissions",
            "POST /:projectId/proposal ΓÇö Compile proposal"
          ],
          "fullName": "Submissions API ΓÇö /api/submissions POST /:projectId/proposal ΓÇö Compile proposal should auto-increment proposal version on re-upload",
          "status": "failed",
          "title": "should auto-increment proposal version on re-upload",
          "duration": 56.03630000000703,
          "failureMessages": [
            "TypeError: Cannot read properties of null (reading '_id')\n    at C:/Users/patrick josh/Desktop/BukSU/Capstone/CMS V2/server/tests/integration/submissions.test.js:139:70\n    at processTicksAndRejections (node:internal/process/task_queues:105:5)"
          ],
          "meta": {},
          "tags": []
        },
        {
          "ancestorTitles": [
            "Submissions API ΓÇö /api/submissions",
            "POST /:projectId/proposal ΓÇö Compile proposal"
          ],
          "fullName": "Submissions API ΓÇö /api/submissions POST /:projectId/proposal ΓÇö Compile proposal should reject if Chapter 1 is not locked",
          "status": "failed",
          "title": "should reject if Chapter 1 is not locked",
          "duration": 54.27379999999539,
          "failureMessages": [
            "TypeError: Cannot read properties of null (reading '_id')\n    at C:/Users/patrick josh/Desktop/BukSU/Capstone/CMS V2/server/tests/integration/submissions.test.js:139:70\n    at processTicksAndRejections (node:internal/process/task_queues:105:5)"
          ],
          "meta": {},
          "tags": []
        },
        {
          "ancestorTitles": [
            "Submissions API ΓÇö /api/submissions",
            "POST /:projectId/proposal ΓÇö Compile proposal"
          ],
          "fullName": "Submissions API ΓÇö /api/submissions POST /:projectId/proposal ΓÇö Compile proposal should reject if any chapter is pending (not locked)",
          "status": "failed",
          "title": "should reject if any chapter is pending (not locked)",
          "duration": 61.47920000000158,
          "failureMessages": [
            "TypeError: Cannot read properties of null (reading '_id')\n    at C:/Users/patrick josh/Desktop/BukSU/Capstone/CMS V2/server/tests/integration/submissions.test.js:139:70\n    at processTicksAndRejections (node:internal/process/task_queues:105:5)"
          ],
          "meta": {},
          "tags": []
        },
        {
          "ancestorTitles": [
            "Submissions API ΓÇö /api/submissions",
            "POST /:projectId/proposal ΓÇö Compile proposal"
          ],
          "fullName": "Submissions API ΓÇö /api/submissions POST /:projectId/proposal ΓÇö Compile proposal should reject non-student role (adviser)",
          "status": "failed",
          "title": "should reject non-student role (adviser)",
          "duration": 69.38940000000002,
          "failureMessages": [
            "TypeError: Cannot read properties of null (reading '_id')\n    at C:/Users/patrick josh/Desktop/BukSU/Capstone/CMS V2/server/tests/integration/submissions.test.js:139:70\n    at processTicksAndRejections (node:internal/process/task_queues:105:5)"
          ],
          "meta": {},
          "tags": []
        },
        {
          "ancestorTitles": [
            "Submissions API ΓÇö /api/submissions",
            "POST /:projectId/proposal ΓÇö Compile proposal"
          ],
          "fullName": "Submissions API ΓÇö /api/submissions POST /:projectId/proposal ΓÇö Compile proposal should reject non-student role (panelist)",
          "status": "failed",
          "title": "should reject non-student role (panelist)",
          "duration": 55.799499999993714,
          "failureMessages": [
            "TypeError: Cannot read properties of null (reading '_id')\n    at C:/Users/patrick josh/Desktop/BukSU/Capstone/CMS V2/server/tests/integration/submissions.test.js:139:70\n    at processTicksAndRejections (node:internal/process/task_queues:105:5)"
          ],
          "meta": {},
          "tags": []
        },
        {
          "ancestorTitles": [
            "Submissions API ΓÇö /api/submissions",
            "POST /:projectId/proposal ΓÇö Compile proposal"
          ],
          "fullName": "Submissions API ΓÇö /api/submissions POST /:projectId/proposal ΓÇö Compile proposal should reject when project is not active",
          "status": "failed",
          "title": "should reject when project is not active",
          "duration": 54.65359999999055,
          "failureMessages": [
            "TypeError: Cannot read properties of null (reading '_id')\n    at C:/Users/patrick josh/Desktop/BukSU/Capstone/CMS V2/server/tests/integration/submissions.test.js:139:70\n    at processTicksAndRejections (node:internal/process/task_queues:105:5)"
          ],
          "meta": {},
          "tags": []
        },
        {
          "ancestorTitles": [
            "Submissions API ΓÇö /api/submissions",
            "POST /:projectId/proposal ΓÇö Compile proposal"
          ],
          "fullName": "Submissions API ΓÇö /api/submissions POST /:projectId/proposal ΓÇö Compile proposal should reject when title is not approved",
          "status": "failed",
          "title": "should reject when title is not approved",
          "duration": 53.87140000000363,
          "failureMessages": [
            "TypeError: Cannot read properties of null (reading '_id')\n    at C:/Users/patrick josh/Desktop/BukSU/Capstone/CMS V2/server/tests/integration/submissions.test.js:139:70\n    at processTicksAndRejections (node:internal/process/task_queues:105:5)"
          ],
          "meta": {},
          "tags": []
        },
        {
          "ancestorTitles": [
            "Submissions API ΓÇö /api/submissions",
            "POST /:projectId/proposal ΓÇö Compile proposal"
          ],
          "fullName": "Submissions API ΓÇö /api/submissions POST /:projectId/proposal ΓÇö Compile proposal should require remarks for late proposal submission",
          "status": "failed",
          "title": "should require remarks for late proposal submission",
          "duration": 55.46169999999984,
          "failureMessages": [
            "TypeError: Cannot read properties of null (reading '_id')\n    at C:/Users/patrick josh/Desktop/BukSU/Capstone/CMS V2/server/tests/integration/submissions.test.js:139:70\n    at processTicksAndRejections (node:internal/process/task_queues:105:5)"
          ],
          "meta": {},
          "tags": []
        },
        {
          "ancestorTitles": [
            "Submissions API ΓÇö /api/submissions",
            "POST /:projectId/proposal ΓÇö Compile proposal"
          ],
          "fullName": "Submissions API ΓÇö /api/submissions POST /:projectId/proposal ΓÇö Compile proposal should accept late proposal with remarks",
          "status": "failed",
          "title": "should accept late proposal with remarks",
          "duration": 58.85460000000603,
          "failureMessages": [
            "TypeError: Cannot read properties of null (reading '_id')\n    at C:/Users/patrick josh/Desktop/BukSU/Capstone/CMS V2/server/tests/integration/submissions.test.js:139:70\n    at processTicksAndRejections (node:internal/process/task_queues:105:5)"
          ],
          "meta": {},
          "tags": []
        },
        {
          "ancestorTitles": [
            "Submissions API ΓÇö /api/submissions",
            "POST /:projectId/proposal ΓÇö Compile proposal"
          ],
          "fullName": "Submissions API ΓÇö /api/submissions POST /:projectId/proposal ΓÇö Compile proposal should create notification for adviser on proposal upload",
          "status": "failed",
          "title": "should create notification for adviser on proposal upload",
          "duration": 53.89190000000235,
          "failureMessages": [
            "TypeError: Cannot read properties of null (reading '_id')\n    at C:/Users/patrick josh/Desktop/BukSU/Capstone/CMS V2/server/tests/integration/submissions.test.js:139:70\n    at processTicksAndRejections (node:internal/process/task_queues:105:5)"
          ],
          "meta": {},
          "tags": []
        },
        {
          "ancestorTitles": [
            "Submissions API ΓÇö /api/submissions",
            "Proposal Approval ΓÇö review transitions project status"
          ],
          "fullName": "Submissions API ΓÇö /api/submissions Proposal Approval ΓÇö review transitions project status should transition project to PROPOSAL_APPROVED when proposal is approved",
          "status": "failed",
          "title": "should transition project to PROPOSAL_APPROVED when proposal is approved",
          "duration": 55.652799999996205,
          "failureMessages": [
            "TypeError: Cannot read properties of null (reading '_id')\n    at C:/Users/patrick josh/Desktop/BukSU/Capstone/CMS V2/server/tests/integration/submissions.test.js:139:70\n    at processTicksAndRejections (node:internal/process/task_queues:105:5)"
          ],
          "meta": {},
          "tags": []
        },
        {
          "ancestorTitles": [
            "Submissions API ΓÇö /api/submissions",
            "Proposal Approval ΓÇö review transitions project status"
          ],
          "fullName": "Submissions API ΓÇö /api/submissions Proposal Approval ΓÇö review transitions project status should NOT transition project when proposal is rejected",
          "status": "failed",
          "title": "should NOT transition project when proposal is rejected",
          "duration": 53.83419999999751,
          "failureMessages": [
            "TypeError: Cannot read properties of null (reading '_id')\n    at C:/Users/patrick josh/Desktop/BukSU/Capstone/CMS V2/server/tests/integration/submissions.test.js:139:70\n    at processTicksAndRejections (node:internal/process/task_queues:105:5)"
          ],
          "meta": {},
          "tags": []
        },
        {
          "ancestorTitles": [
            "Submissions API ΓÇö /api/submissions",
            "Proposal Approval ΓÇö review transitions project status"
          ],
          "fullName": "Submissions API ΓÇö /api/submissions Proposal Approval ΓÇö review transitions project status should NOT transition project when revisions are requested",
          "status": "failed",
          "title": "should NOT transition project when revisions are requested",
          "duration": 54.630099999994854,
          "failureMessages": [
            "TypeError: Cannot read properties of null (reading '_id')\n    at C:/Users/patrick josh/Desktop/BukSU/Capstone/CMS V2/server/tests/integration/submissions.test.js:139:70\n    at processTicksAndRejections (node:internal/process/task_queues:105:5)"
          ],
          "meta": {},
          "tags": []
        },
        {
          "ancestorTitles": [
            "Submissions API ΓÇö /api/submissions",
            "Proposal Approval ΓÇö review transitions project status"
          ],
          "fullName": "Submissions API ΓÇö /api/submissions Proposal Approval ΓÇö review transitions project status should generate notification with proposal label on approval",
          "status": "failed",
          "title": "should generate notification with proposal label on approval",
          "duration": 58.59049999999115,
          "failureMessages": [
            "TypeError: Cannot read properties of null (reading '_id')\n    at C:/Users/patrick josh/Desktop/BukSU/Capstone/CMS V2/server/tests/integration/submissions.test.js:139:70\n    at processTicksAndRejections (node:internal/process/task_queues:105:5)"
          ],
          "meta": {},
          "tags": []
        },
        {
          "ancestorTitles": [
            "Submissions API ΓÇö /api/submissions",
            "Proposal Approval ΓÇö review transitions project status"
          ],
          "fullName": "Submissions API ΓÇö /api/submissions Proposal Approval ΓÇö review transitions project status should allow instructor to approve proposal and transition project",
          "status": "failed",
          "title": "should allow instructor to approve proposal and transition project",
          "duration": 55.93409999999858,
          "failureMessages": [
            "TypeError: Cannot read properties of null (reading '_id')\n    at C:/Users/patrick josh/Desktop/BukSU/Capstone/CMS V2/server/tests/integration/submissions.test.js:139:70\n    at processTicksAndRejections (node:internal/process/task_queues:105:5)"
          ],
          "meta": {},
          "tags": []
        },
        {
          "ancestorTitles": [
            "Submissions API ΓÇö /api/submissions",
            "Proposal Approval ΓÇö review transitions project status"
          ],
          "fullName": "Submissions API ΓÇö /api/submissions Proposal Approval ΓÇö review transitions project status should reject proposal review from student role",
          "status": "failed",
          "title": "should reject proposal review from student role",
          "duration": 54.85649999999441,
          "failureMessages": [
            "TypeError: Cannot read properties of null (reading '_id')\n    at C:/Users/patrick josh/Desktop/BukSU/Capstone/CMS V2/server/tests/integration/submissions.test.js:139:70\n    at processTicksAndRejections (node:internal/process/task_queues:105:5)"
          ],
          "meta": {},
          "tags": []
        }
      ],
      "startTime": 1773513761879,
      "endTime": 1773513823323.8564,
      "status": "failed",
      "message": "",
      "name": "C:/Users/patrick josh/Desktop/BukSU/Capstone/CMS V2/server/tests/integration/submissions.test.js"
    }
  ]
}
